<?xml version="1.0" encoding="UTF-8"?>
<coverage generated="1648791900357" clover="3.2.0">
  <project timestamp="1648791900357" name="All files">
    <metrics statements="17" coveredstatements="15" conditionals="6" coveredconditionals="4" methods="8" coveredmethods="8" elements="31" coveredelements="27" complexity="0" loc="17" ncloc="17" packages="1" files="1" classes="1"/>
    <file name="index.js" path="/home/espada/Repos/microverse/module-2/projects/jest-testing-practice/index.js">
      <metrics statements="17" coveredstatements="15" conditionals="6" coveredconditionals="4" methods="8" coveredmethods="8"/>
      <line num="3" count="1" type="stmt"/>
      <line num="4" count="1" type="cond" truecount="3" falsecount="1"/>
      <line num="5" count="0" type="stmt"/>
      <line num="7" count="1" type="stmt"/>
      <line num="12" count="1" type="stmt"/>
      <line num="13" count="1" type="stmt"/>
      <line num="14" count="1" type="stmt"/>
      <line num="20" count="4" type="stmt"/>
      <line num="21" count="4" type="stmt"/>
      <line num="24" count="2" type="stmt"/>
      <line num="28" count="2" type="stmt"/>
      <line num="32" count="2" type="stmt"/>
      <line num="36" count="2" type="stmt"/>
      <line num="41" count="1" type="stmt"/>
      <line num="42" count="2" type="cond" truecount="1" falsecount="1"/>
      <line num="43" count="0" type="stmt"/>
      <line num="45" count="2" type="stmt"/>
    </file>
  </project>
</coverage>
