TN:
SF:index.js
FN:3,(anonymous_0)
FN:12,(anonymous_1)
FN:19,(anonymous_2)
FN:23,(anonymous_3)
FN:27,(anonymous_4)
FN:31,(anonymous_5)
FN:35,(anonymous_6)
FN:41,(anonymous_7)
FNF:8
FNH:8
FNDA:1,(anonymous_0)
FNDA:1,(anonymous_1)
FNDA:4,(anonymous_2)
FNDA:2,(anonymous_3)
FNDA:2,(anonymous_4)
FNDA:2,(anonymous_5)
FNDA:2,(anonymous_6)
FNDA:2,(anonymous_7)
DA:3,1
DA:4,1
DA:5,0
DA:7,1
DA:12,1
DA:13,1
DA:14,1
DA:20,4
DA:21,4
DA:24,2
DA:28,2
DA:32,2
DA:36,2
DA:41,1
DA:42,2
DA:43,0
DA:45,2
LF:17
LH:15
BRDA:4,0,0,0
BRDA:4,0,1,1
BRDA:4,1,0,1
BRDA:4,1,1,1
BRDA:42,2,0,0
BRDA:42,2,1,2
BRF:6
BRH:4
end_of_record
